<?xml version="1.0" encoding="UTF-8"?>
<!-- Generated by org.testng.reporters.JUnitReportReporter -->
<testsuite skipped="0" hostname="hemanth-PC" name="tests.Sample" tests="1" failures="0" timestamp="16 Nov 2018 04:37:48 GMT" time="19.912" errors="0">
  <testcase name="homepageTests" time="19.912" classname="tests.Sample"/>
</testsuite> <!-- tests.Sample -->
