<?xml version="1.0" encoding="UTF-8"?>
<!-- Generated by org.testng.reporters.JUnitReportReporter -->
<testsuite skipped="0" hostname="hemanth-PC" name="tests.Sample" tests="1" failures="0" timestamp="16 Nov 2018 01:40:50 GMT" time="8.646" errors="0">
  <testcase name="homepageTests" time="8.646" classname="tests.Sample"/>
</testsuite> <!-- tests.Sample -->
