<?xml version="1.0" encoding="UTF-8"?>
<!-- Generated by org.testng.reporters.JUnitReportReporter -->
<testsuite skipped="0" hostname="hemanth-PC" name="tests.Fourth" tests="1" failures="0" timestamp="13 Nov 2018 23:58:11 GMT" time="20.066" errors="0">
  <testcase name="f1" time="20.066" classname="tests.Fourth"/>
</testsuite> <!-- tests.Fourth -->
