<?xml version="1.0" encoding="UTF-8"?>
<!-- Generated by org.testng.reporters.JUnitReportReporter -->
<testsuite skipped="0" hostname="hemanth-PC" name="tests.FirstTest" tests="1" failures="0" timestamp="13 Nov 2018 23:58:11 GMT" time="20.103" errors="0">
  <testcase name="f" time="20.103" classname="tests.FirstTest"/>
</testsuite> <!-- tests.FirstTest -->
