<?xml version="1.0" encoding="UTF-8"?>
<!-- Generated by org.testng.reporters.JUnitReportReporter -->
<testsuite skipped="0" hostname="hemanth-PC" name="tests.Sample" tests="1" failures="0" timestamp="14 Nov 2018 05:08:14 GMT" time="4.099" errors="0">
  <testcase name="homepageTests" time="4.099" classname="tests.Sample"/>
</testsuite> <!-- tests.Sample -->
